Performing C SOURCE FILE Test CMAKE_HAVE_LIBC_PTHREAD failed with the following output:
Change Dir: /home/marcussss1/2022_2_MidnightSun/build/CMakeFiles/CMakeScratch/TryCompile-jjh5xy

Run Build Command(s):/usr/bin/make -f Makefile cmTC_15bad/fast && /usr/bin/make  -f CMakeFiles/cmTC_15bad.dir/build.make CMakeFiles/cmTC_15bad.dir/build
make[1]: вход в каталог «/home/marcussss1/2022_2_MidnightSun/build/CMakeFiles/CMakeScratch/TryCompile-jjh5xy»
Building C object CMakeFiles/cmTC_15bad.dir/src.c.o
/usr/bin/cc -DCMAKE_HAVE_LIBC_PTHREAD   -o CMakeFiles/cmTC_15bad.dir/src.c.o -c /home/marcussss1/2022_2_MidnightSun/build/CMakeFiles/CMakeScratch/TryCompile-jjh5xy/src.c
Linking C executable cmTC_15bad
/usr/local/bin/cmake -E cmake_link_script CMakeFiles/cmTC_15bad.dir/link.txt --verbose=1
/usr/bin/cc -rdynamic CMakeFiles/cmTC_15bad.dir/src.c.o -o cmTC_15bad 
/usr/bin/ld: CMakeFiles/cmTC_15bad.dir/src.c.o: в функции «main»:
src.c:(.text+0x46): неопределённая ссылка на «pthread_create»
/usr/bin/ld: src.c:(.text+0x52): неопределённая ссылка на «pthread_detach»
/usr/bin/ld: src.c:(.text+0x5e): неопределённая ссылка на «pthread_cancel»
/usr/bin/ld: src.c:(.text+0x6f): неопределённая ссылка на «pthread_join»
collect2: error: ld returned 1 exit status
make[1]: *** [CMakeFiles/cmTC_15bad.dir/build.make:99: cmTC_15bad] Ошибка 1
make[1]: выход из каталога «/home/marcussss1/2022_2_MidnightSun/build/CMakeFiles/CMakeScratch/TryCompile-jjh5xy»
make: *** [Makefile:127: cmTC_15bad/fast] Ошибка 2


Source file was:
#include <pthread.h>

static void* test_func(void* data)
{
  return data;
}

int main(void)
{
  pthread_t thread;
  pthread_create(&thread, NULL, test_func, NULL);
  pthread_detach(thread);
  pthread_cancel(thread);
  pthread_join(thread, NULL);
  pthread_atfork(NULL, NULL, NULL);
  pthread_exit(NULL);

  return 0;
}


Determining if the function pthread_create exists in the pthreads failed with the following output:
Change Dir: /home/marcussss1/2022_2_MidnightSun/build/CMakeFiles/CMakeScratch/TryCompile-Nm758z

Run Build Command(s):/usr/bin/make -f Makefile cmTC_8f805/fast && /usr/bin/make  -f CMakeFiles/cmTC_8f805.dir/build.make CMakeFiles/cmTC_8f805.dir/build
make[1]: вход в каталог «/home/marcussss1/2022_2_MidnightSun/build/CMakeFiles/CMakeScratch/TryCompile-Nm758z»
Building C object CMakeFiles/cmTC_8f805.dir/CheckFunctionExists.c.o
/usr/bin/cc   -DCHECK_FUNCTION_EXISTS=pthread_create -o CMakeFiles/cmTC_8f805.dir/CheckFunctionExists.c.o -c /home/marcussss1/2022_2_MidnightSun/build/CMakeFiles/CMakeScratch/TryCompile-Nm758z/CheckFunctionExists.c
Linking C executable cmTC_8f805
/usr/local/bin/cmake -E cmake_link_script CMakeFiles/cmTC_8f805.dir/link.txt --verbose=1
/usr/bin/cc  -DCHECK_FUNCTION_EXISTS=pthread_create -rdynamic CMakeFiles/cmTC_8f805.dir/CheckFunctionExists.c.o -o cmTC_8f805  -lpthreads 
/usr/bin/ld: невозможно найти -lpthreads
collect2: error: ld returned 1 exit status
make[1]: *** [CMakeFiles/cmTC_8f805.dir/build.make:99: cmTC_8f805] Ошибка 1
make[1]: выход из каталога «/home/marcussss1/2022_2_MidnightSun/build/CMakeFiles/CMakeScratch/TryCompile-Nm758z»
make: *** [Makefile:127: cmTC_8f805/fast] Ошибка 2



